mode: atomic
forgolang_forum/database/database.go:74.36,75.20 1 0
forgolang_forum/database/database.go:84.2,84.15 1 0
forgolang_forum/database/database.go:89.2,89.10 1 0
forgolang_forum/database/database.go:75.20,76.22 1 0
forgolang_forum/database/database.go:77.14,78.67 1 0
forgolang_forum/database/database.go:79.27,80.95 1 0
forgolang_forum/database/database.go:84.15,87.3 2 0
forgolang_forum/database/database.go:99.39,101.16 2 0
forgolang_forum/database/database.go:104.2,104.18 1 0
forgolang_forum/database/database.go:101.16,103.3 1 0
forgolang_forum/database/database.go:123.32,124.20 1 0
forgolang_forum/database/database.go:131.2,131.15 1 0
forgolang_forum/database/database.go:136.2,136.10 1 0
forgolang_forum/database/database.go:124.20,125.22 1 0
forgolang_forum/database/database.go:126.14,127.67 1 0
forgolang_forum/database/database.go:131.15,134.3 2 0
forgolang_forum/database/database.go:140.72,145.19 4 5
forgolang_forum/database/database.go:171.2,171.22 1 3
forgolang_forum/database/database.go:146.22,157.35 3 5
forgolang_forum/database/database.go:161.3,166.8 5 3
forgolang_forum/database/database.go:167.10,168.49 1 0
forgolang_forum/database/database.go:157.35,159.4 1 2
forgolang_forum/database/database.go:175.39,177.23 2 2
forgolang_forum/database/database.go:186.2,186.12 1 2
forgolang_forum/database/database.go:178.22,180.27 2 2
forgolang_forum/database/database.go:184.3,184.8 1 2
forgolang_forum/database/database.go:180.27,183.4 2 16
forgolang_forum/database/database.go:190.42,194.23 3 2
forgolang_forum/database/database.go:200.2,200.12 1 2
forgolang_forum/database/database.go:195.22,197.8 2 2
forgolang_forum/database/database.go:203.28,204.16 1 2
forgolang_forum/database/database.go:205.22,206.14 1 2
forgolang_forum/database/database.go:214.3,214.8 1 2
forgolang_forum/database/database.go:206.14,208.28 2 1
forgolang_forum/database/database.go:208.28,209.48 1 8
forgolang_forum/database/database.go:209.48,210.16 1 0
forgolang_forum/database/database.go:224.54,231.26 4 7
forgolang_forum/database/database.go:245.2,245.19 1 7
forgolang_forum/database/database.go:251.2,251.13 1 7
forgolang_forum/database/database.go:231.26,236.17 5 60
forgolang_forum/database/database.go:236.17,242.4 1 60
forgolang_forum/database/database.go:245.19,246.40 1 3
forgolang_forum/database/database.go:246.40,248.4 1 48
forgolang_forum/database/database.go:254.38,255.43 1 2
forgolang_forum/database/database.go:259.2,259.26 1 2
forgolang_forum/database/database.go:255.43,257.3 1 0
forgolang_forum/database/database.go:262.41,267.16 4 2
forgolang_forum/database/database.go:289.2,289.12 1 0
forgolang_forum/database/database.go:267.16,268.50 1 2
forgolang_forum/database/database.go:286.3,286.13 1 2
forgolang_forum/database/database.go:268.50,271.28 3 2
forgolang_forum/database/database.go:279.4,279.18 1 2
forgolang_forum/database/database.go:283.4,283.15 1 2
forgolang_forum/database/database.go:271.28,272.19 1 18
forgolang_forum/database/database.go:273.31,275.11 2 2
forgolang_forum/database/database.go:279.18,282.5 2 0
forgolang_forum/database/database.go:292.40,297.26 5 2
forgolang_forum/database/database.go:301.2,302.16 2 2
forgolang_forum/database/database.go:305.2,307.26 2 2
forgolang_forum/database/database.go:345.2,347.12 2 2
forgolang_forum/database/database.go:297.26,299.3 1 0
forgolang_forum/database/database.go:302.16,304.3 1 0
forgolang_forum/database/database.go:307.26,308.17 1 18
forgolang_forum/database/database.go:309.29,310.9 1 2
forgolang_forum/database/database.go:311.11,312.28 1 16
forgolang_forum/database/database.go:312.28,314.38 2 0
forgolang_forum/database/database.go:314.38,316.20 2 0
forgolang_forum/database/database.go:322.6,324.20 2 0
forgolang_forum/database/database.go:316.20,319.12 3 0
forgolang_forum/database/database.go:324.20,326.7 1 0
forgolang_forum/database/database.go:328.10,330.19 2 16
forgolang_forum/database/database.go:336.5,338.19 2 16
forgolang_forum/database/database.go:330.19,333.11 3 0
forgolang_forum/database/database.go:338.19,340.6 1 16
forgolang_forum/database/database.go:350.45,351.17 1 2
forgolang_forum/database/database.go:364.2,364.11 1 0
forgolang_forum/database/database.go:352.22,353.39 1 2
forgolang_forum/database/database.go:361.3,361.8 1 0
forgolang_forum/database/database.go:353.39,354.30 1 2
forgolang_forum/database/database.go:355.17,356.25 1 2
forgolang_forum/database/database.go:357.12,358.22 1 0
forgolang_forum/database/database.go:367.40,368.15 1 0
forgolang_forum/database/database.go:378.2,379.10 2 0
forgolang_forum/database/database.go:368.15,370.17 2 0
forgolang_forum/database/database.go:374.3,376.11 3 0
forgolang_forum/database/database.go:370.17,373.4 2 0
forgolang_forum/database/database.go:382.41,383.14 1 0
forgolang_forum/database/database.go:389.2,391.10 3 0
forgolang_forum/database/database.go:383.14,384.41 1 0
forgolang_forum/database/database.go:384.41,387.4 2 0
forgolang_forum/database/database.go:394.39,395.14 1 0
forgolang_forum/database/database.go:403.2,404.10 2 0
forgolang_forum/database/database.go:395.14,396.39 1 0
forgolang_forum/database/database.go:400.3,401.16 2 0
forgolang_forum/database/database.go:396.39,399.4 2 0
forgolang_forum/database/database.go:408.99,410.2 1 0
forgolang_forum/database/database.go:413.70,415.2 1 21
forgolang_forum/database/database.go:417.90,420.20 2 21
forgolang_forum/database/database.go:425.2,428.14 3 21
forgolang_forum/database/database.go:434.2,434.16 1 21
forgolang_forum/database/database.go:440.2,444.19 4 21
forgolang_forum/database/database.go:449.2,449.18 1 21
forgolang_forum/database/database.go:465.2,465.35 1 21
forgolang_forum/database/database.go:470.2,470.15 1 21
forgolang_forum/database/database.go:420.20,423.3 2 0
forgolang_forum/database/database.go:428.14,430.3 1 0
forgolang_forum/database/database.go:430.8,432.3 1 21
forgolang_forum/database/database.go:434.16,439.3 4 0
forgolang_forum/database/database.go:444.19,447.3 2 0
forgolang_forum/database/database.go:449.18,450.20 1 0
forgolang_forum/database/database.go:450.20,451.57 1 0
forgolang_forum/database/database.go:455.4,455.42 1 0
forgolang_forum/database/database.go:451.57,453.10 2 0
forgolang_forum/database/database.go:456.9,458.18 2 0
forgolang_forum/database/database.go:462.4,462.42 1 0
forgolang_forum/database/database.go:458.18,460.10 2 0
forgolang_forum/database/database.go:465.35,468.3 2 0
forgolang_forum/database/database.go:474.102,476.2 1 0
forgolang_forum/database/database.go:479.73,481.2 1 0
forgolang_forum/database/database.go:483.93,491.14 6 0
forgolang_forum/database/database.go:497.2,497.19 1 0
forgolang_forum/database/database.go:503.2,503.16 1 0
forgolang_forum/database/database.go:509.2,512.15 3 0
forgolang_forum/database/database.go:491.14,493.3 1 0
forgolang_forum/database/database.go:493.8,495.3 1 0
forgolang_forum/database/database.go:497.19,499.3 1 0
forgolang_forum/database/database.go:499.8,501.3 1 0
forgolang_forum/database/database.go:503.16,507.3 3 0
forgolang_forum/database/database.go:515.35,523.2 6 0
forgolang_forum/database/database.go:526.65,531.22 5 0
forgolang_forum/database/database.go:534.2,534.20 1 0
forgolang_forum/database/database.go:531.22,533.3 1 0
forgolang_forum/database/database.go:538.62,544.2 3 0
forgolang_forum/database/database.go:547.82,548.61 1 0
forgolang_forum/database/database.go:559.2,568.14 6 0
forgolang_forum/database/database.go:574.2,574.16 1 0
forgolang_forum/database/database.go:579.2,579.62 1 0
forgolang_forum/database/database.go:587.2,587.37 1 0
forgolang_forum/database/database.go:595.2,595.12 1 0
forgolang_forum/database/database.go:548.61,550.34 2 0
forgolang_forum/database/database.go:553.3,554.34 2 0
forgolang_forum/database/database.go:550.34,552.4 1 0
forgolang_forum/database/database.go:554.34,556.4 1 0
forgolang_forum/database/database.go:568.14,570.3 1 0
forgolang_forum/database/database.go:570.8,572.3 1 0
forgolang_forum/database/database.go:574.16,577.3 2 0
forgolang_forum/database/database.go:579.62,580.15 1 0
forgolang_forum/database/database.go:583.3,584.13 2 0
forgolang_forum/database/database.go:580.15,582.4 1 0
forgolang_forum/database/database.go:587.37,588.15 1 0
forgolang_forum/database/database.go:591.3,592.13 2 0
forgolang_forum/database/database.go:588.15,590.4 1 0
forgolang_forum/database/database.go:599.103,603.61 3 0
forgolang_forum/database/database.go:614.2,619.24 4 0
forgolang_forum/database/database.go:625.2,630.14 4 0
forgolang_forum/database/database.go:636.2,636.16 1 0
forgolang_forum/database/database.go:641.2,641.62 1 0
forgolang_forum/database/database.go:649.2,649.37 1 0
forgolang_forum/database/database.go:658.2,658.12 1 0
forgolang_forum/database/database.go:603.61,605.34 2 0
forgolang_forum/database/database.go:608.3,609.34 2 0
forgolang_forum/database/database.go:605.34,607.4 1 0
forgolang_forum/database/database.go:609.34,611.4 1 0
forgolang_forum/database/database.go:619.24,621.3 1 0
forgolang_forum/database/database.go:621.8,623.3 1 0
forgolang_forum/database/database.go:630.14,632.3 1 0
forgolang_forum/database/database.go:632.8,634.3 1 0
forgolang_forum/database/database.go:636.16,639.3 2 0
forgolang_forum/database/database.go:641.62,643.15 2 0
forgolang_forum/database/database.go:646.3,646.13 1 0
forgolang_forum/database/database.go:643.15,645.4 1 0
forgolang_forum/database/database.go:649.37,651.15 2 0
forgolang_forum/database/database.go:655.3,655.13 1 0
forgolang_forum/database/database.go:651.15,653.4 1 0
forgolang_forum/database/database.go:662.89,666.14 3 0
forgolang_forum/database/database.go:680.2,681.16 2 0
forgolang_forum/database/database.go:686.2,686.40 1 0
forgolang_forum/database/database.go:690.2,690.15 1 0
forgolang_forum/database/database.go:666.14,669.17 3 0
forgolang_forum/database/database.go:673.3,673.41 1 0
forgolang_forum/database/database.go:677.3,677.16 1 0
forgolang_forum/database/database.go:669.17,671.4 1 0
forgolang_forum/database/database.go:673.41,675.4 1 0
forgolang_forum/database/database.go:681.16,684.3 2 0
forgolang_forum/database/database.go:686.40,688.3 1 0
forgolang_forum/database/database.go:693.107,718.2 3 0
forgolang_forum/database/database.go:720.106,742.2 3 0
forgolang_forum/database/validator.go:20.63,24.16 3 1
forgolang_forum/database/validator.go:35.2,35.20 1 1
forgolang_forum/database/validator.go:24.16,25.56 1 1
forgolang_forum/database/validator.go:25.56,26.25 1 2
forgolang_forum/database/validator.go:26.25,28.5 1 1
forgolang_forum/database/validator.go:28.10,30.5 1 1
forgolang_forum/database/validator.go:39.78,41.38 2 0
forgolang_forum/database/validator.go:73.2,73.18 1 0
forgolang_forum/database/validator.go:41.38,44.37 2 0
forgolang_forum/database/validator.go:44.37,49.72 3 0
forgolang_forum/database/validator.go:60.4,62.73 2 0
forgolang_forum/database/validator.go:69.4,69.58 1 0
forgolang_forum/database/validator.go:49.72,51.30 2 0
forgolang_forum/database/validator.go:51.30,52.32 1 0
forgolang_forum/database/validator.go:52.32,57.7 1 0
forgolang_forum/database/validator.go:62.73,67.5 1 0
forgolang_forum/database/validator.go:76.123,77.17 1 0
forgolang_forum/database/validator.go:92.2,92.13 1 0
forgolang_forum/database/validator.go:77.17,80.31 2 0
forgolang_forum/database/validator.go:89.3,89.44 1 0
forgolang_forum/database/validator.go:81.32,83.9 2 0
forgolang_forum/database/validator.go:84.36,86.9 2 0
forgolang_forum/database/change.go:22.108,27.20 4 0
forgolang_forum/database/change.go:30.2,39.36 7 0
forgolang_forum/database/change.go:46.2,46.32 1 0
forgolang_forum/database/change.go:52.2,52.35 1 0
forgolang_forum/database/change.go:27.20,29.3 1 0
forgolang_forum/database/change.go:39.36,41.34 2 0
forgolang_forum/database/change.go:41.34,43.4 1 0
forgolang_forum/database/change.go:46.32,47.25 1 0
forgolang_forum/database/change.go:47.25,49.4 1 0
forgolang_forum/database/change.go:55.83,66.49 9 0
forgolang_forum/database/change.go:199.2,199.35 1 0
forgolang_forum/database/change.go:66.49,71.28 4 0
forgolang_forum/database/change.go:72.23,73.22 1 0
forgolang_forum/database/change.go:142.22,143.22 1 0
forgolang_forum/database/change.go:154.23,155.37 1 0
forgolang_forum/database/change.go:164.4,164.9 1 0
forgolang_forum/database/change.go:165.22,166.31 1 0
forgolang_forum/database/change.go:175.4,175.9 1 0
forgolang_forum/database/change.go:176.20,177.31 1 0
forgolang_forum/database/change.go:186.4,186.9 1 0
forgolang_forum/database/change.go:187.21,195.9 8 0
forgolang_forum/database/change.go:74.39,76.48 1 0
forgolang_forum/database/change.go:85.5,85.10 1 0
forgolang_forum/database/change.go:86.36,88.43 1 0
forgolang_forum/database/change.go:100.5,100.10 1 0
forgolang_forum/database/change.go:101.37,109.10 8 0
forgolang_forum/database/change.go:110.47,118.10 8 0
forgolang_forum/database/change.go:119.37,120.44 1 0
forgolang_forum/database/change.go:129.5,129.10 1 0
forgolang_forum/database/change.go:130.37,131.44 1 0
forgolang_forum/database/change.go:140.5,140.10 1 0
forgolang_forum/database/change.go:76.48,84.6 7 0
forgolang_forum/database/change.go:88.43,96.6 7 0
forgolang_forum/database/change.go:96.11,96.31 1 0
forgolang_forum/database/change.go:96.31,99.6 2 0
forgolang_forum/database/change.go:120.44,128.6 7 0
forgolang_forum/database/change.go:131.44,139.6 7 0
forgolang_forum/database/change.go:144.42,152.10 8 0
forgolang_forum/database/change.go:155.37,163.5 7 0
forgolang_forum/database/change.go:166.31,174.5 7 0
forgolang_forum/database/change.go:177.31,185.5 7 0
forgolang_forum/thirdparty/aws/aws.go:27.76,31.16 4 4
forgolang_forum/thirdparty/aws/aws.go:35.2,36.16 2 4
forgolang_forum/thirdparty/aws/aws.go:39.2,41.16 3 4
forgolang_forum/thirdparty/aws/aws.go:45.2,56.20 10 4
forgolang_forum/thirdparty/aws/aws.go:31.16,33.3 1 0
forgolang_forum/thirdparty/aws/aws.go:36.16,37.13 1 0
forgolang_forum/thirdparty/aws/aws.go:41.16,42.13 1 0
forgolang_forum/thirdparty/aws/s3.go:39.51,47.16 4 0
forgolang_forum/thirdparty/aws/s3.go:51.2,53.15 2 0
forgolang_forum/thirdparty/aws/s3.go:47.16,49.3 1 0
forgolang_forum/thirdparty/aws/s3.go:57.48,58.19 1 0
forgolang_forum/thirdparty/aws/s3.go:62.2,67.12 2 0
forgolang_forum/thirdparty/aws/s3.go:58.19,60.3 1 0
forgolang_forum/thirdparty/aws/s3.go:71.48,72.19 1 0
forgolang_forum/thirdparty/aws/s3.go:75.2,93.12 9 0
forgolang_forum/thirdparty/aws/s3.go:72.19,74.3 1 0
forgolang_forum/thirdparty/aws/ses.go:41.53,51.16 6 3
forgolang_forum/thirdparty/aws/ses.go:55.2,57.15 2 3
forgolang_forum/thirdparty/aws/ses.go:51.16,53.3 1 0
forgolang_forum/thirdparty/aws/ses.go:61.28,83.16 3 2
forgolang_forum/thirdparty/aws/ses.go:87.2,92.12 5 1
forgolang_forum/thirdparty/aws/ses.go:83.16,85.3 1 1
forgolang_forum/api/router.go:58.34,65.34 4 14
forgolang_forum/api/router.go:68.2,70.20 3 14
forgolang_forum/api/router.go:76.2,83.16 4 14
forgolang_forum/api/router.go:86.2,104.43 13 14
forgolang_forum/api/router.go:191.2,200.15 4 14
forgolang_forum/api/router.go:65.34,67.3 1 0
forgolang_forum/api/router.go:70.20,74.3 3 14
forgolang_forum/api/router.go:83.16,84.13 1 0
forgolang_forum/api/router.go:104.43,106.39 1 14
forgolang_forum/api/router.go:117.3,117.30 1 14
forgolang_forum/api/router.go:106.39,115.4 6 14
forgolang_forum/api/router.go:117.30,129.31 6 14
forgolang_forum/api/router.go:161.4,161.31 1 14
forgolang_forum/api/router.go:129.31,133.50 4 14
forgolang_forum/api/router.go:146.5,157.6 3 14
forgolang_forum/api/router.go:133.50,145.6 6 14
forgolang_forum/api/router.go:161.31,165.58 4 14
forgolang_forum/api/router.go:170.5,186.6 4 14
forgolang_forum/api/router.go:165.58,169.6 3 14
forgolang_forum/api/router.go:203.52,208.2 1 1
forgolang_forum/api/router.go:210.60,215.2 1 0
forgolang_forum/api/router.go:218.65,219.40 1 14
forgolang_forum/api/router.go:219.40,225.3 5 61
forgolang_forum/api/router.go:229.63,230.40 1 14
forgolang_forum/api/router.go:230.40,231.16 1 61
forgolang_forum/api/router.go:267.3,267.12 1 61
forgolang_forum/api/router.go:231.16,232.36 1 61
forgolang_forum/api/router.go:232.36,234.28 2 13
forgolang_forum/api/router.go:254.5,254.37 1 0
forgolang_forum/api/router.go:258.5,263.11 3 0
forgolang_forum/api/router.go:235.34,242.19 3 13
forgolang_forum/api/router.go:245.6,245.12 1 13
forgolang_forum/api/router.go:246.17,247.25 1 0
forgolang_forum/api/router.go:248.16,249.13 1 0
forgolang_forum/api/router.go:250.13,251.39 1 0
forgolang_forum/api/router.go:242.19,244.7 1 13
forgolang_forum/api/router.go:254.37,255.16 1 0
forgolang_forum/api/router.go:271.62,272.40 1 14
forgolang_forum/api/router.go:272.40,274.16 2 61
forgolang_forum/api/router.go:274.16,275.36 1 48
forgolang_forum/api/router.go:275.36,276.37 1 0
forgolang_forum/api/router.go:276.37,280.6 1 0
forgolang_forum/api/router.go:280.11,284.6 1 0
forgolang_forum/api/router.go:290.60,291.40 1 14
forgolang_forum/api/router.go:291.40,292.55 1 61
forgolang_forum/api/router.go:303.3,303.12 1 60
forgolang_forum/api/router.go:292.55,302.4 8 1
forgolang_forum/api/suite.go:98.24,118.16 16 14
forgolang_forum/api/suite.go:121.2,123.16 3 14
forgolang_forum/api/suite.go:127.2,168.16 13 14
forgolang_forum/api/suite.go:172.2,172.28 1 14
forgolang_forum/api/suite.go:118.16,119.13 1 0
forgolang_forum/api/suite.go:123.16,124.13 1 0
forgolang_forum/api/suite.go:168.16,169.13 1 0
forgolang_forum/api/suite.go:176.46,180.2 3 11
forgolang_forum/api/suite.go:183.81,185.2 1 58
forgolang_forum/api/suite.go:188.102,190.2 1 3
forgolang_forum/api/suite.go:198.28,198.29 0 11
forgolang_forum/api/suite.go:201.30,205.2 2 10
forgolang_forum/api/suite.go:210.40,221.16 9 14
forgolang_forum/api/suite.go:225.2,227.18 3 14
forgolang_forum/api/suite.go:243.2,247.20 4 14
forgolang_forum/api/suite.go:221.16,222.13 1 0
forgolang_forum/api/suite.go:227.18,228.17 1 10
forgolang_forum/api/suite.go:229.20,232.9 3 2
forgolang_forum/api/suite.go:233.15,236.9 3 8
forgolang_forum/api/suite.go:238.8,241.3 2 4
forgolang_forum/api/suite.go:251.131,257.24 6 61
forgolang_forum/api/suite.go:260.2,263.17 3 61
forgolang_forum/api/suite.go:310.2,311.16 2 61
forgolang_forum/api/suite.go:315.2,315.57 1 61
forgolang_forum/api/suite.go:331.2,332.21 2 61
forgolang_forum/api/suite.go:257.24,259.3 1 44
forgolang_forum/api/suite.go:263.17,264.22 1 38
forgolang_forum/api/suite.go:265.13,268.18 3 35
forgolang_forum/api/suite.go:271.4,271.9 1 35
forgolang_forum/api/suite.go:272.17,277.32 4 3
forgolang_forum/api/suite.go:294.4,294.28 1 3
forgolang_forum/api/suite.go:299.4,300.18 2 3
forgolang_forum/api/suite.go:304.4,306.9 3 3
forgolang_forum/api/suite.go:268.18,270.5 1 35
forgolang_forum/api/suite.go:277.32,279.19 2 3
forgolang_forum/api/suite.go:279.19,281.20 2 2
forgolang_forum/api/suite.go:281.20,283.21 2 2
forgolang_forum/api/suite.go:283.21,286.22 3 2
forgolang_forum/api/suite.go:286.22,288.9 1 2
forgolang_forum/api/suite.go:294.28,295.52 1 4
forgolang_forum/api/suite.go:295.52,297.6 1 1
forgolang_forum/api/suite.go:300.18,303.5 2 0
forgolang_forum/api/suite.go:311.16,314.3 2 0
forgolang_forum/api/suite.go:315.57,318.17 3 25
forgolang_forum/api/suite.go:318.17,320.4 1 22
forgolang_forum/api/suite.go:321.8,321.64 1 36
forgolang_forum/api/suite.go:321.64,324.17 3 36
forgolang_forum/api/suite.go:324.17,326.4 1 36
forgolang_forum/api/suite.go:327.8,329.3 1 0
forgolang_forum/api/suite.go:335.112,339.12 3 61
forgolang_forum/api/suite.go:344.2,345.45 1 61
forgolang_forum/api/suite.go:350.2,350.28 1 61
forgolang_forum/api/suite.go:339.12,342.3 2 61
forgolang_forum/api/suite.go:345.45,347.4 1 61
forgolang_forum/api/user_controller.go:41.57,62.2 7 1
forgolang_forum/api/user_controller.go:65.56,71.55 3 4
forgolang_forum/api/user_controller.go:80.2,90.23 3 3
forgolang_forum/api/user_controller.go:71.55,78.3 3 1
forgolang_forum/api/user_controller.go:94.58,98.60 3 3
forgolang_forum/api/user_controller.go:106.2,107.25 2 2
forgolang_forum/api/user_controller.go:117.2,118.69 2 2
forgolang_forum/api/user_controller.go:126.2,135.28 3 1
forgolang_forum/api/user_controller.go:98.60,104.3 2 1
forgolang_forum/api/user_controller.go:107.25,115.3 2 0
forgolang_forum/api/user_controller.go:118.69,124.3 2 1
forgolang_forum/api/user_controller.go:139.58,148.67 5 4
forgolang_forum/api/user_controller.go:156.2,156.33 1 3
forgolang_forum/api/user_controller.go:160.2,163.69 3 3
forgolang_forum/api/user_controller.go:171.2,183.23 4 2
forgolang_forum/api/user_controller.go:148.67,154.3 2 1
forgolang_forum/api/user_controller.go:156.33,158.3 1 1
forgolang_forum/api/user_controller.go:163.69,169.3 2 1
forgolang_forum/api/user_controller.go:187.58,204.2 5 2
forgolang_forum/api/user_policy.go:32.65,34.39 1 14
forgolang_forum/api/user_policy.go:34.39,36.4 1 0
forgolang_forum/api/user_policy.go:40.64,42.39 1 14
forgolang_forum/api/user_policy.go:42.39,43.101 1 2
forgolang_forum/api/user_policy.go:46.4,46.16 1 1
forgolang_forum/api/user_policy.go:43.101,45.5 1 1
forgolang_forum/api/user_policy.go:51.66,53.39 1 14
forgolang_forum/api/user_policy.go:53.39,55.4 1 0
forgolang_forum/api/user_policy.go:59.66,61.39 1 14
forgolang_forum/api/user_policy.go:61.39,62.101 1 2
forgolang_forum/api/user_policy.go:65.4,65.16 1 1
forgolang_forum/api/user_policy.go:62.101,64.5 1 1
forgolang_forum/api/user_policy.go:70.66,72.39 1 14
forgolang_forum/api/user_policy.go:72.39,74.4 1 0
forgolang_forum/api/user_role_assignment_controller.go:39.72,44.16 4 4
forgolang_forum/api/user_role_assignment_controller.go:50.2,52.70 2 3
forgolang_forum/api/user_role_assignment_controller.go:60.2,62.80 3 2
forgolang_forum/api/user_role_assignment_controller.go:70.2,86.28 5 1
forgolang_forum/api/user_role_assignment_controller.go:44.16,49.3 2 1
forgolang_forum/api/user_role_assignment_controller.go:52.70,58.3 2 1
forgolang_forum/api/user_role_assignment_controller.go:62.80,68.3 2 1
forgolang_forum/api/authorization.go:34.48,36.2 1 14
forgolang_forum/api/authorization.go:39.136,40.40 1 126
forgolang_forum/api/authorization.go:40.40,41.34 1 35
forgolang_forum/api/authorization.go:46.3,46.45 1 10
forgolang_forum/api/authorization.go:52.3,52.12 1 3
forgolang_forum/api/authorization.go:41.34,44.4 2 25
forgolang_forum/api/authorization.go:46.45,49.55 1 7
forgolang_forum/api/authorization.go:56.61,70.16 8 10
forgolang_forum/api/authorization.go:105.2,105.13 1 0
forgolang_forum/api/authorization.go:70.16,87.17 2 10
forgolang_forum/api/authorization.go:91.3,91.16 1 5
forgolang_forum/api/authorization.go:102.3,102.14 1 5
forgolang_forum/api/authorization.go:87.17,89.4 1 5
forgolang_forum/api/authorization.go:91.16,100.4 1 5
forgolang_forum/api/register_controller.go:34.62,38.71 3 3
forgolang_forum/api/register_controller.go:46.2,53.69 6 2
forgolang_forum/api/register_controller.go:61.2,79.12 15 1
forgolang_forum/api/register_controller.go:95.2,97.28 1 1
forgolang_forum/api/register_controller.go:38.71,44.3 2 1
forgolang_forum/api/register_controller.go:53.69,59.3 2 1
forgolang_forum/api/register_controller.go:79.12,93.3 1 1
forgolang_forum/api/category_policy.go:31.70,33.39 1 14
forgolang_forum/api/category_policy.go:33.39,35.4 1 0
forgolang_forum/api/category_policy.go:39.70,41.39 1 14
forgolang_forum/api/category_policy.go:41.39,43.4 1 1
forgolang_forum/api/category_policy.go:47.70,49.39 1 14
forgolang_forum/api/category_policy.go:49.39,51.4 1 0
forgolang_forum/api/confirmation_controller.go:39.66,74.12 12 1
forgolang_forum/api/confirmation_controller.go:88.2,90.28 1 1
forgolang_forum/api/confirmation_controller.go:74.12,86.3 1 1
forgolang_forum/api/login_controller.go:35.59,39.68 3 4
forgolang_forum/api/login_controller.go:47.2,64.118 5 3
forgolang_forum/api/login_controller.go:71.2,82.28 4 1
forgolang_forum/api/login_controller.go:39.68,45.3 2 1
forgolang_forum/api/login_controller.go:64.118,69.3 2 1
forgolang_forum/api/user_role_assignment_policy.go:31.80,33.39 1 14
forgolang_forum/api/user_role_assignment_policy.go:33.39,35.4 1 0
forgolang_forum/api/auth_controller.go:39.58,41.2 1 0
forgolang_forum/api/auth_controller.go:44.66,53.41 4 0
forgolang_forum/api/auth_controller.go:60.2,62.16 3 0
forgolang_forum/api/auth_controller.go:68.2,71.16 4 0
forgolang_forum/api/auth_controller.go:77.2,84.63 7 0
forgolang_forum/api/auth_controller.go:157.2,157.21 1 0
forgolang_forum/api/auth_controller.go:163.2,164.60 1 0
forgolang_forum/api/auth_controller.go:53.41,58.3 3 0
forgolang_forum/api/auth_controller.go:62.16,66.3 3 0
forgolang_forum/api/auth_controller.go:71.16,75.3 3 0
forgolang_forum/api/auth_controller.go:84.63,93.32 4 0
forgolang_forum/api/auth_controller.go:114.3,114.33 1 0
forgolang_forum/api/auth_controller.go:128.3,143.39 14 0
forgolang_forum/api/auth_controller.go:150.3,150.17 1 0
forgolang_forum/api/auth_controller.go:154.3,154.68 1 0
forgolang_forum/api/auth_controller.go:93.32,96.52 2 0
forgolang_forum/api/auth_controller.go:100.4,105.19 1 0
forgolang_forum/api/auth_controller.go:96.52,99.5 2 0
forgolang_forum/api/auth_controller.go:106.9,107.98 1 0
forgolang_forum/api/auth_controller.go:111.4,111.31 1 0
forgolang_forum/api/auth_controller.go:107.98,110.5 2 0
forgolang_forum/api/auth_controller.go:114.33,116.93 2 0
forgolang_forum/api/auth_controller.go:120.4,123.79 4 0
forgolang_forum/api/auth_controller.go:116.93,118.5 1 0
forgolang_forum/api/auth_controller.go:123.79,125.5 1 0
forgolang_forum/api/auth_controller.go:143.39,146.4 1 0
forgolang_forum/api/auth_controller.go:146.9,148.4 1 0
forgolang_forum/api/auth_controller.go:150.17,152.4 1 0
forgolang_forum/api/auth_controller.go:157.21,161.3 3 0
forgolang_forum/api/category_controller.go:39.61,45.107 4 2
forgolang_forum/api/category_controller.go:61.2,74.23 3 0
forgolang_forum/api/category_controller.go:45.107,46.23 1 2
forgolang_forum/api/category_controller.go:52.3,58.9 3 2
forgolang_forum/api/category_controller.go:46.23,50.4 3 102
forgolang_forum/api/category_controller.go:78.60,84.59 3 3
forgolang_forum/api/category_controller.go:93.2,105.23 3 2
forgolang_forum/api/category_controller.go:84.59,91.3 3 1
forgolang_forum/api/category_controller.go:109.62,113.64 3 3
forgolang_forum/api/category_controller.go:121.2,124.73 3 2
forgolang_forum/api/category_controller.go:132.2,139.28 3 1
forgolang_forum/api/category_controller.go:113.64,119.3 2 1
forgolang_forum/api/category_controller.go:124.73,130.3 2 1
forgolang_forum/api/category_controller.go:143.62,154.71 5 5
forgolang_forum/api/category_controller.go:162.2,169.73 5 3
forgolang_forum/api/category_controller.go:178.2,185.23 3 2
forgolang_forum/api/category_controller.go:154.71,160.3 2 1
forgolang_forum/api/category_controller.go:169.73,176.3 3 1
forgolang_forum/api/category_controller.go:189.62,208.2 6 2
forgolang_forum/api/token_controller.go:35.59,39.68 3 5
forgolang_forum/api/token_controller.go:47.2,51.25 3 5
forgolang_forum/api/token_controller.go:58.2,63.25 3 3
forgolang_forum/api/token_controller.go:70.2,82.16 4 2
forgolang_forum/api/token_controller.go:89.2,97.24 2 1
forgolang_forum/api/token_controller.go:39.68,45.3 2 0
forgolang_forum/api/token_controller.go:51.25,56.3 2 2
forgolang_forum/api/token_controller.go:63.25,68.3 2 1
forgolang_forum/api/token_controller.go:82.16,87.3 2 1
forgolang_forum/api/jwtauth.go:38.36,44.2 1 14
forgolang_forum/api/jwtauth.go:47.64,60.16 5 15
forgolang_forum/api/jwtauth.go:64.2,64.25 1 15
forgolang_forum/api/jwtauth.go:60.16,62.3 1 0
forgolang_forum/api/jwtauth.go:68.74,69.83 1 43
forgolang_forum/api/jwtauth.go:77.2,77.16 1 43
forgolang_forum/api/jwtauth.go:81.2,81.67 1 43
forgolang_forum/api/jwtauth.go:89.2,89.37 1 0
forgolang_forum/api/jwtauth.go:69.83,70.58 1 43
forgolang_forum/api/jwtauth.go:74.3,74.31 1 43
forgolang_forum/api/jwtauth.go:70.58,72.4 1 0
forgolang_forum/api/jwtauth.go:77.16,79.3 1 0
forgolang_forum/api/jwtauth.go:81.67,82.63 1 43
forgolang_forum/api/jwtauth.go:86.3,86.19 1 43
forgolang_forum/api/jwtauth.go:82.63,84.4 1 0
forgolang_forum/api/jwtauth.go:93.63,94.40 1 154
forgolang_forum/api/jwtauth.go:94.40,97.72 2 44
forgolang_forum/api/jwtauth.go:104.3,106.14 2 43
forgolang_forum/api/jwtauth.go:97.72,102.4 2 1
forgolang_forum/api/jwtauth.go:107.10,111.10 2 0
forgolang_forum/api/jwtauth.go:112.15,116.10 2 0
forgolang_forum/api/jwtauth.go:117.11,123.9 5 43
forgolang_forum/api/home_controller.go:32.57,36.2 1 2
forgolang_forum/api/upload_controller.go:33.60,35.16 2 3
forgolang_forum/api/upload_controller.go:43.2,44.23 2 2
forgolang_forum/api/upload_controller.go:54.2,55.16 2 1
forgolang_forum/api/upload_controller.go:59.2,65.28 4 1
forgolang_forum/api/upload_controller.go:35.16,41.3 2 1
forgolang_forum/api/upload_controller.go:44.23,52.3 2 1
forgolang_forum/api/upload_controller.go:55.16,57.3 1 0
forgolang_forum/api/api.go:46.32,53.2 5 14
forgolang_forum/api/api.go:56.70,59.27 3 3
forgolang_forum/api/api.go:63.2,63.15 1 3
forgolang_forum/api/api.go:59.27,61.3 1 0
forgolang_forum/api/api.go:67.118,73.41 5 3
forgolang_forum/api/api.go:80.2,80.42 1 3
forgolang_forum/api/api.go:87.2,87.44 1 3
forgolang_forum/api/api.go:91.2,91.47 1 3
forgolang_forum/api/api.go:99.2,99.16 1 3
forgolang_forum/api/api.go:106.2,108.16 2 3
forgolang_forum/api/api.go:115.2,115.30 1 3
forgolang_forum/api/api.go:73.41,75.17 2 0
forgolang_forum/api/api.go:75.17,77.4 1 0
forgolang_forum/api/api.go:80.42,82.17 2 0
forgolang_forum/api/api.go:82.17,84.4 1 0
forgolang_forum/api/api.go:87.44,89.3 1 0
forgolang_forum/api/api.go:91.47,93.60 2 0
forgolang_forum/api/api.go:93.60,96.4 2 0
forgolang_forum/api/api.go:99.16,103.10 1 0
forgolang_forum/api/api.go:108.16,112.10 1 0
forgolang_forum/api/api.go:119.69,122.2 2 30
forgolang_forum/api/api.go:125.100,127.21 2 60
forgolang_forum/api/api.go:130.2,130.27 1 60
forgolang_forum/api/api.go:127.21,129.3 1 60
